Performing C SOURCE FILE Test HAVE_GCC_PREFERRED_STACK_BOUNDARY failed with the following output:
Change Dir: /Users/momiyama/Framework/OpenGL(Rust)/game/target/debug/build/sdl2-sys-215adec05a45805d/out/build/CMakeFiles/CMakeTmp

Run Build Command(s):/usr/bin/make cmTC_4d0df/fast && /Library/Developer/CommandLineTools/usr/bin/make -f CMakeFiles/cmTC_4d0df.dir/build.make CMakeFiles/cmTC_4d0df.dir/build
Building C object CMakeFiles/cmTC_4d0df.dir/src.c.o
/usr/bin/cc   -ffunction-sections -fdata-sections -fPIC -m64 -DHAVE_GCC_PREFERRED_STACK_BOUNDARY -mpreferred-stack-boundary=2 -isysroot /Library/Developer/CommandLineTools/SDKs/MacOSX10.15.sdk   -o CMakeFiles/cmTC_4d0df.dir/src.c.o   -c "/Users/momiyama/Framework/OpenGL(Rust)/game/target/debug/build/sdl2-sys-215adec05a45805d/out/build/CMakeFiles/CMakeTmp/src.c"
clang: error: unknown argument: '-mpreferred-stack-boundary=2'
make[1]: *** [CMakeFiles/cmTC_4d0df.dir/src.c.o] Error 1
make: *** [cmTC_4d0df/fast] Error 2


Source file was:
int x = 0; int main(int argc, char **argv) {}
Performing C SOURCE FILE Test HAVE_NO_UNDEFINED failed with the following output:
Change Dir: /Users/momiyama/Framework/OpenGL(Rust)/game/target/debug/build/sdl2-sys-215adec05a45805d/out/build/CMakeFiles/CMakeTmp

Run Build Command(s):/usr/bin/make cmTC_2bed1/fast && /Library/Developer/CommandLineTools/usr/bin/make -f CMakeFiles/cmTC_2bed1.dir/build.make CMakeFiles/cmTC_2bed1.dir/build
Building C object CMakeFiles/cmTC_2bed1.dir/src.c.o
/usr/bin/cc   -ffunction-sections -fdata-sections -fPIC -m64 -DHAVE_NO_UNDEFINED -Wl,--no-undefined -isysroot /Library/Developer/CommandLineTools/SDKs/MacOSX10.15.sdk   -o CMakeFiles/cmTC_2bed1.dir/src.c.o   -c "/Users/momiyama/Framework/OpenGL(Rust)/game/target/debug/build/sdl2-sys-215adec05a45805d/out/build/CMakeFiles/CMakeTmp/src.c"
clang: warning: -Wl,--no-undefined: 'linker' input unused [-Wunused-command-line-argument]
Linking C executable cmTC_2bed1
/usr/local/Cellar/cmake/3.15.4/bin/cmake -E cmake_link_script CMakeFiles/cmTC_2bed1.dir/link.txt --verbose=1
/usr/bin/cc  -ffunction-sections -fdata-sections -fPIC -m64 -DHAVE_NO_UNDEFINED -Wl,--no-undefined -isysroot /Library/Developer/CommandLineTools/SDKs/MacOSX10.15.sdk -Wl,-search_paths_first -Wl,-headerpad_max_install_names   CMakeFiles/cmTC_2bed1.dir/src.c.o  -o cmTC_2bed1 
ld: unknown option: --no-undefined
clang: error: linker command failed with exit code 1 (use -v to see invocation)
make[1]: *** [cmTC_2bed1] Error 1
make: *** [cmTC_2bed1/fast] Error 2


Source file was:
int main(void) { return 0; }
Performing C SOURCE FILE Test HAVE_ALTIVEC_H_HDR failed with the following output:
Change Dir: /Users/momiyama/Framework/OpenGL(Rust)/game/target/debug/build/sdl2-sys-215adec05a45805d/out/build/CMakeFiles/CMakeTmp

Run Build Command(s):/usr/bin/make cmTC_00890/fast && /Library/Developer/CommandLineTools/usr/bin/make -f CMakeFiles/cmTC_00890.dir/build.make CMakeFiles/cmTC_00890.dir/build
Building C object CMakeFiles/cmTC_00890.dir/src.c.o
/usr/bin/cc   -ffunction-sections -fdata-sections -fPIC -m64 -DHAVE_ALTIVEC_H_HDR -maltivec -isysroot /Library/Developer/CommandLineTools/SDKs/MacOSX10.15.sdk   -o CMakeFiles/cmTC_00890.dir/src.c.o   -c "/Users/momiyama/Framework/OpenGL(Rust)/game/target/debug/build/sdl2-sys-215adec05a45805d/out/build/CMakeFiles/CMakeTmp/src.c"
clang: warning: argument unused during compilation: '-maltivec' [-Wunused-command-line-argument]
In file included from /Users/momiyama/Framework/OpenGL(Rust)/game/target/debug/build/sdl2-sys-215adec05a45805d/out/build/CMakeFiles/CMakeTmp/src.c:2:
/Library/Developer/CommandLineTools/usr/lib/clang/11.0.0/include/altivec.h:27:2: error: "AltiVec support not enabled"
#error "AltiVec support not enabled"
 ^
/Library/Developer/CommandLineTools/usr/lib/clang/11.0.0/include/altivec.h:62:19: error: unknown type name 'vector'
static __inline__ vector signed char __ATTRS_o_ai vec_perm(
                  ^
/Library/Developer/CommandLineTools/usr/lib/clang/11.0.0/include/altivec.h:62:26: error: expected identifier or '('
static __inline__ vector signed char __ATTRS_o_ai vec_perm(
                         ^
/Library/Developer/CommandLineTools/usr/lib/clang/11.0.0/include/altivec.h:65:19: error: unknown type name 'vector'
static __inline__ vector unsigned char __ATTRS_o_ai
                  ^
/Library/Developer/CommandLineTools/usr/lib/clang/11.0.0/include/altivec.h:65:26: error: expected identifier or '('
static __inline__ vector unsigned char __ATTRS_o_ai
                         ^
/Library/Developer/CommandLineTools/usr/lib/clang/11.0.0/include/altivec.h:69:19: error: unknown type name 'vector'
static __inline__ vector bool char __ATTRS_o_ai
                  ^
/Library/Developer/CommandLineTools/usr/lib/clang/11.0.0/include/altivec.h:69:8: error: 'inline' can only appear on functions
static __inline__ vector bool char __ATTRS_o_ai
       ^
/Library/Developer/CommandLineTools/usr/lib/clang/11.0.0/include/altivec.h:69:30: error: expected ';' after top level declarator
static __inline__ vector bool char __ATTRS_o_ai
                             ^
/Library/Developer/CommandLineTools/usr/lib/clang/11.0.0/include/altivec.h:70:10: error: unknown type name 'vector'
vec_perm(vector bool char __a, vector bool char __b, vector unsigned char __c);
         ^
/Library/Developer/CommandLineTools/usr/lib/clang/11.0.0/include/altivec.h:70:22: error: expected ')'
vec_perm(vector bool char __a, vector bool char __b, vector unsigned char __c);
                     ^
/Library/Developer/CommandLineTools/usr/lib/clang/11.0.0/include/altivec.h:70:9: note: to match this '('
vec_perm(vector bool char __a, vector bool char __b, vector unsigned char __c);
        ^
/Library/Developer/CommandLineTools/usr/lib/clang/11.0.0/include/altivec.h:72:19: error: unknown type name 'vector'
static __inline__ vector short __ATTRS_o_ai vec_perm(vector signed short __a,
                  ^
/Library/Developer/CommandLineTools/usr/lib/clang/11.0.0/include/altivec.h:72:26: error: expected identifier or '('
static __inline__ vector short __ATTRS_o_ai vec_perm(vector signed short __a,
                         ^
/Library/Developer/CommandLineTools/usr/lib/clang/11.0.0/include/altivec.h:76:19: error: unknown type name 'vector'
static __inline__ vector unsigned short __ATTRS_o_ai
                  ^
/Library/Developer/CommandLineTools/usr/lib/clang/11.0.0/include/altivec.h:76:26: error: expected identifier or '('
static __inline__ vector unsigned short __ATTRS_o_ai
                         ^
/Library/Developer/CommandLineTools/usr/lib/clang/11.0.0/include/altivec.h:80:19: error: unknown type name 'vector'
static __inline__ vector bool short __ATTRS_o_ai vec_perm(
                  ^
/Library/Developer/CommandLineTools/usr/lib/clang/11.0.0/include/altivec.h:80:8: error: 'inline' can only appear on functions
static __inline__ vector bool short __ATTRS_o_ai vec_perm(
       ^
/Library/Developer/CommandLineTools/usr/lib/clang/11.0.0/include/altivec.h:80:30: error: expected ';' after top level declarator
static __inline__ vector bool short __ATTRS_o_ai vec_perm(
                             ^
/Library/Developer/CommandLineTools/usr/lib/clang/11.0.0/include/altivec.h:81:5: error: unknown type name 'vector'
    vector bool short __a, vector bool short __b, vector unsigned char __c);
    ^
/Library/Developer/CommandLineTools/usr/lib/clang/11.0.0/include/altivec.h:81:17: error: expected ')'
    vector bool short __a, vector bool short __b, vector unsigned char __c);
                ^
/Library/Developer/CommandLineTools/usr/lib/clang/11.0.0/include/altivec.h:80:58: note: to match this '('
static __inline__ vector bool short __ATTRS_o_ai vec_perm(
                                                         ^
fatal error: too many errors emitted, stopping now [-ferror-limit=]
20 errors generated.
make[1]: *** [CMakeFiles/cmTC_00890.dir/src.c.o] Error 1
make: *** [cmTC_00890/fast] Error 2


Source file was:

          #include <altivec.h>
          vector unsigned int vzero() {
              return vec_splat_u32(0);
          }
          int main(int argc, char **argv) { }
Performing C SOURCE FILE Test HAVE_ALTIVEC failed with the following output:
Change Dir: /Users/momiyama/Framework/OpenGL(Rust)/game/target/debug/build/sdl2-sys-215adec05a45805d/out/build/CMakeFiles/CMakeTmp

Run Build Command(s):/usr/bin/make cmTC_8f615/fast && /Library/Developer/CommandLineTools/usr/bin/make -f CMakeFiles/cmTC_8f615.dir/build.make CMakeFiles/cmTC_8f615.dir/build
Building C object CMakeFiles/cmTC_8f615.dir/src.c.o
/usr/bin/cc   -ffunction-sections -fdata-sections -fPIC -m64 -DHAVE_ALTIVEC -maltivec -isysroot /Library/Developer/CommandLineTools/SDKs/MacOSX10.15.sdk   -o CMakeFiles/cmTC_8f615.dir/src.c.o   -c "/Users/momiyama/Framework/OpenGL(Rust)/game/target/debug/build/sdl2-sys-215adec05a45805d/out/build/CMakeFiles/CMakeTmp/src.c"
clang: warning: argument unused during compilation: '-maltivec' [-Wunused-command-line-argument]
/Users/momiyama/Framework/OpenGL(Rust)/game/target/debug/build/sdl2-sys-215adec05a45805d/out/build/CMakeFiles/CMakeTmp/src.c:2:11: error: unknown type name 'vector'
          vector unsigned int vzero() {
          ^
/Users/momiyama/Framework/OpenGL(Rust)/game/target/debug/build/sdl2-sys-215adec05a45805d/out/build/CMakeFiles/CMakeTmp/src.c:2:18: error: expected identifier or '('
          vector unsigned int vzero() {
                 ^
2 errors generated.
make[1]: *** [CMakeFiles/cmTC_8f615.dir/src.c.o] Error 1
make: *** [cmTC_8f615/fast] Error 2


Source file was:

          vector unsigned int vzero() {
              return vec_splat_u32(0);
          }
          int main(int argc, char **argv) { }
Determining if the include file malloc.h exists failed with the following output:
Change Dir: /Users/momiyama/Framework/OpenGL(Rust)/game/target/debug/build/sdl2-sys-215adec05a45805d/out/build/CMakeFiles/CMakeTmp

Run Build Command(s):/usr/bin/make cmTC_cf38f/fast && /Library/Developer/CommandLineTools/usr/bin/make -f CMakeFiles/cmTC_cf38f.dir/build.make CMakeFiles/cmTC_cf38f.dir/build
Building C object CMakeFiles/cmTC_cf38f.dir/CheckIncludeFile.c.o
/usr/bin/cc   -ffunction-sections -fdata-sections -fPIC -m64  -isysroot /Library/Developer/CommandLineTools/SDKs/MacOSX10.15.sdk   -o CMakeFiles/cmTC_cf38f.dir/CheckIncludeFile.c.o   -c "/Users/momiyama/Framework/OpenGL(Rust)/game/target/debug/build/sdl2-sys-215adec05a45805d/out/build/CMakeFiles/CMakeTmp/CheckIncludeFile.c"
/Users/momiyama/Framework/OpenGL(Rust)/game/target/debug/build/sdl2-sys-215adec05a45805d/out/build/CMakeFiles/CMakeTmp/CheckIncludeFile.c:1:10: fatal error: 'malloc.h' file not found
#include <malloc.h>
         ^~~~~~~~~~
1 error generated.
make[1]: *** [CMakeFiles/cmTC_cf38f.dir/CheckIncludeFile.c.o] Error 1
make: *** [cmTC_cf38f/fast] Error 2



Determining if the function _strrev exists failed with the following output:
Change Dir: /Users/momiyama/Framework/OpenGL(Rust)/game/target/debug/build/sdl2-sys-215adec05a45805d/out/build/CMakeFiles/CMakeTmp

Run Build Command(s):/usr/bin/make cmTC_2dd65/fast && /Library/Developer/CommandLineTools/usr/bin/make -f CMakeFiles/cmTC_2dd65.dir/build.make CMakeFiles/cmTC_2dd65.dir/build
Building C object CMakeFiles/cmTC_2dd65.dir/CheckFunctionExists.c.o
/usr/bin/cc   -ffunction-sections -fdata-sections -fPIC -m64 -DCHECK_FUNCTION_EXISTS=_strrev -isysroot /Library/Developer/CommandLineTools/SDKs/MacOSX10.15.sdk   -o CMakeFiles/cmTC_2dd65.dir/CheckFunctionExists.c.o   -c /usr/local/Cellar/cmake/3.15.4/share/cmake/Modules/CheckFunctionExists.c
Linking C executable cmTC_2dd65
/usr/local/Cellar/cmake/3.15.4/bin/cmake -E cmake_link_script CMakeFiles/cmTC_2dd65.dir/link.txt --verbose=1
/usr/bin/cc  -ffunction-sections -fdata-sections -fPIC -m64 -DCHECK_FUNCTION_EXISTS=_strrev -isysroot /Library/Developer/CommandLineTools/SDKs/MacOSX10.15.sdk -Wl,-search_paths_first -Wl,-headerpad_max_install_names   CMakeFiles/cmTC_2dd65.dir/CheckFunctionExists.c.o  -o cmTC_2dd65 
Undefined symbols for architecture x86_64:
  "__strrev", referenced from:
      _main in CheckFunctionExists.c.o
ld: symbol(s) not found for architecture x86_64
clang: error: linker command failed with exit code 1 (use -v to see invocation)
make[1]: *** [cmTC_2dd65] Error 1
make: *** [cmTC_2dd65/fast] Error 2



Determining if the function _strupr exists failed with the following output:
Change Dir: /Users/momiyama/Framework/OpenGL(Rust)/game/target/debug/build/sdl2-sys-215adec05a45805d/out/build/CMakeFiles/CMakeTmp

Run Build Command(s):/usr/bin/make cmTC_fcdf8/fast && /Library/Developer/CommandLineTools/usr/bin/make -f CMakeFiles/cmTC_fcdf8.dir/build.make CMakeFiles/cmTC_fcdf8.dir/build
Building C object CMakeFiles/cmTC_fcdf8.dir/CheckFunctionExists.c.o
/usr/bin/cc   -ffunction-sections -fdata-sections -fPIC -m64 -DCHECK_FUNCTION_EXISTS=_strupr -isysroot /Library/Developer/CommandLineTools/SDKs/MacOSX10.15.sdk   -o CMakeFiles/cmTC_fcdf8.dir/CheckFunctionExists.c.o   -c /usr/local/Cellar/cmake/3.15.4/share/cmake/Modules/CheckFunctionExists.c
Linking C executable cmTC_fcdf8
/usr/local/Cellar/cmake/3.15.4/bin/cmake -E cmake_link_script CMakeFiles/cmTC_fcdf8.dir/link.txt --verbose=1
/usr/bin/cc  -ffunction-sections -fdata-sections -fPIC -m64 -DCHECK_FUNCTION_EXISTS=_strupr -isysroot /Library/Developer/CommandLineTools/SDKs/MacOSX10.15.sdk -Wl,-search_paths_first -Wl,-headerpad_max_install_names   CMakeFiles/cmTC_fcdf8.dir/CheckFunctionExists.c.o  -o cmTC_fcdf8 
Undefined symbols for architecture x86_64:
  "__strupr", referenced from:
      _main in CheckFunctionExists.c.o
ld: symbol(s) not found for architecture x86_64
clang: error: linker command failed with exit code 1 (use -v to see invocation)
make[1]: *** [cmTC_fcdf8] Error 1
make: *** [cmTC_fcdf8/fast] Error 2



Determining if the function _strlwr exists failed with the following output:
Change Dir: /Users/momiyama/Framework/OpenGL(Rust)/game/target/debug/build/sdl2-sys-215adec05a45805d/out/build/CMakeFiles/CMakeTmp

Run Build Command(s):/usr/bin/make cmTC_d57cd/fast && /Library/Developer/CommandLineTools/usr/bin/make -f CMakeFiles/cmTC_d57cd.dir/build.make CMakeFiles/cmTC_d57cd.dir/build
Building C object CMakeFiles/cmTC_d57cd.dir/CheckFunctionExists.c.o
/usr/bin/cc   -ffunction-sections -fdata-sections -fPIC -m64 -DCHECK_FUNCTION_EXISTS=_strlwr -isysroot /Library/Developer/CommandLineTools/SDKs/MacOSX10.15.sdk   -o CMakeFiles/cmTC_d57cd.dir/CheckFunctionExists.c.o   -c /usr/local/Cellar/cmake/3.15.4/share/cmake/Modules/CheckFunctionExists.c
Linking C executable cmTC_d57cd
/usr/local/Cellar/cmake/3.15.4/bin/cmake -E cmake_link_script CMakeFiles/cmTC_d57cd.dir/link.txt --verbose=1
/usr/bin/cc  -ffunction-sections -fdata-sections -fPIC -m64 -DCHECK_FUNCTION_EXISTS=_strlwr -isysroot /Library/Developer/CommandLineTools/SDKs/MacOSX10.15.sdk -Wl,-search_paths_first -Wl,-headerpad_max_install_names   CMakeFiles/cmTC_d57cd.dir/CheckFunctionExists.c.o  -o cmTC_d57cd 
Undefined symbols for architecture x86_64:
  "__strlwr", referenced from:
      _main in CheckFunctionExists.c.o
ld: symbol(s) not found for architecture x86_64
clang: error: linker command failed with exit code 1 (use -v to see invocation)
make[1]: *** [cmTC_d57cd] Error 1
make: *** [cmTC_d57cd/fast] Error 2



Determining if the function itoa exists failed with the following output:
Change Dir: /Users/momiyama/Framework/OpenGL(Rust)/game/target/debug/build/sdl2-sys-215adec05a45805d/out/build/CMakeFiles/CMakeTmp

Run Build Command(s):/usr/bin/make cmTC_dc9de/fast && /Library/Developer/CommandLineTools/usr/bin/make -f CMakeFiles/cmTC_dc9de.dir/build.make CMakeFiles/cmTC_dc9de.dir/build
Building C object CMakeFiles/cmTC_dc9de.dir/CheckFunctionExists.c.o
/usr/bin/cc   -ffunction-sections -fdata-sections -fPIC -m64 -DCHECK_FUNCTION_EXISTS=itoa -isysroot /Library/Developer/CommandLineTools/SDKs/MacOSX10.15.sdk   -o CMakeFiles/cmTC_dc9de.dir/CheckFunctionExists.c.o   -c /usr/local/Cellar/cmake/3.15.4/share/cmake/Modules/CheckFunctionExists.c
Linking C executable cmTC_dc9de
/usr/local/Cellar/cmake/3.15.4/bin/cmake -E cmake_link_script CMakeFiles/cmTC_dc9de.dir/link.txt --verbose=1
/usr/bin/cc  -ffunction-sections -fdata-sections -fPIC -m64 -DCHECK_FUNCTION_EXISTS=itoa -isysroot /Library/Developer/CommandLineTools/SDKs/MacOSX10.15.sdk -Wl,-search_paths_first -Wl,-headerpad_max_install_names   CMakeFiles/cmTC_dc9de.dir/CheckFunctionExists.c.o  -o cmTC_dc9de 
Undefined symbols for architecture x86_64:
  "_itoa", referenced from:
      _main in CheckFunctionExists.c.o
ld: symbol(s) not found for architecture x86_64
clang: error: linker command failed with exit code 1 (use -v to see invocation)
make[1]: *** [cmTC_dc9de] Error 1
make: *** [cmTC_dc9de/fast] Error 2



Determining if the function _ltoa exists failed with the following output:
Change Dir: /Users/momiyama/Framework/OpenGL(Rust)/game/target/debug/build/sdl2-sys-215adec05a45805d/out/build/CMakeFiles/CMakeTmp

Run Build Command(s):/usr/bin/make cmTC_093c2/fast && /Library/Developer/CommandLineTools/usr/bin/make -f CMakeFiles/cmTC_093c2.dir/build.make CMakeFiles/cmTC_093c2.dir/build
Building C object CMakeFiles/cmTC_093c2.dir/CheckFunctionExists.c.o
/usr/bin/cc   -ffunction-sections -fdata-sections -fPIC -m64 -DCHECK_FUNCTION_EXISTS=_ltoa -isysroot /Library/Developer/CommandLineTools/SDKs/MacOSX10.15.sdk   -o CMakeFiles/cmTC_093c2.dir/CheckFunctionExists.c.o   -c /usr/local/Cellar/cmake/3.15.4/share/cmake/Modules/CheckFunctionExists.c
Linking C executable cmTC_093c2
/usr/local/Cellar/cmake/3.15.4/bin/cmake -E cmake_link_script CMakeFiles/cmTC_093c2.dir/link.txt --verbose=1
/usr/bin/cc  -ffunction-sections -fdata-sections -fPIC -m64 -DCHECK_FUNCTION_EXISTS=_ltoa -isysroot /Library/Developer/CommandLineTools/SDKs/MacOSX10.15.sdk -Wl,-search_paths_first -Wl,-headerpad_max_install_names   CMakeFiles/cmTC_093c2.dir/CheckFunctionExists.c.o  -o cmTC_093c2 
Undefined symbols for architecture x86_64:
  "__ltoa", referenced from:
      _main in CheckFunctionExists.c.o
ld: symbol(s) not found for architecture x86_64
clang: error: linker command failed with exit code 1 (use -v to see invocation)
make[1]: *** [cmTC_093c2] Error 1
make: *** [cmTC_093c2/fast] Error 2



Determining if the function _uitoa exists failed with the following output:
Change Dir: /Users/momiyama/Framework/OpenGL(Rust)/game/target/debug/build/sdl2-sys-215adec05a45805d/out/build/CMakeFiles/CMakeTmp

Run Build Command(s):/usr/bin/make cmTC_8e5ba/fast && /Library/Developer/CommandLineTools/usr/bin/make -f CMakeFiles/cmTC_8e5ba.dir/build.make CMakeFiles/cmTC_8e5ba.dir/build
Building C object CMakeFiles/cmTC_8e5ba.dir/CheckFunctionExists.c.o
/usr/bin/cc   -ffunction-sections -fdata-sections -fPIC -m64 -DCHECK_FUNCTION_EXISTS=_uitoa -isysroot /Library/Developer/CommandLineTools/SDKs/MacOSX10.15.sdk   -o CMakeFiles/cmTC_8e5ba.dir/CheckFunctionExists.c.o   -c /usr/local/Cellar/cmake/3.15.4/share/cmake/Modules/CheckFunctionExists.c
Linking C executable cmTC_8e5ba
/usr/local/Cellar/cmake/3.15.4/bin/cmake -E cmake_link_script CMakeFiles/cmTC_8e5ba.dir/link.txt --verbose=1
/usr/bin/cc  -ffunction-sections -fdata-sections -fPIC -m64 -DCHECK_FUNCTION_EXISTS=_uitoa -isysroot /Library/Developer/CommandLineTools/SDKs/MacOSX10.15.sdk -Wl,-search_paths_first -Wl,-headerpad_max_install_names   CMakeFiles/cmTC_8e5ba.dir/CheckFunctionExists.c.o  -o cmTC_8e5ba 
Undefined symbols for architecture x86_64:
  "__uitoa", referenced from:
      _main in CheckFunctionExists.c.o
ld: symbol(s) not found for architecture x86_64
clang: error: linker command failed with exit code 1 (use -v to see invocation)
make[1]: *** [cmTC_8e5ba] Error 1
make: *** [cmTC_8e5ba/fast] Error 2



Determining if the function _ultoa exists failed with the following output:
Change Dir: /Users/momiyama/Framework/OpenGL(Rust)/game/target/debug/build/sdl2-sys-215adec05a45805d/out/build/CMakeFiles/CMakeTmp

Run Build Command(s):/usr/bin/make cmTC_c944a/fast && /Library/Developer/CommandLineTools/usr/bin/make -f CMakeFiles/cmTC_c944a.dir/build.make CMakeFiles/cmTC_c944a.dir/build
Building C object CMakeFiles/cmTC_c944a.dir/CheckFunctionExists.c.o
/usr/bin/cc   -ffunction-sections -fdata-sections -fPIC -m64 -DCHECK_FUNCTION_EXISTS=_ultoa -isysroot /Library/Developer/CommandLineTools/SDKs/MacOSX10.15.sdk   -o CMakeFiles/cmTC_c944a.dir/CheckFunctionExists.c.o   -c /usr/local/Cellar/cmake/3.15.4/share/cmake/Modules/CheckFunctionExists.c
Linking C executable cmTC_c944a
/usr/local/Cellar/cmake/3.15.4/bin/cmake -E cmake_link_script CMakeFiles/cmTC_c944a.dir/link.txt --verbose=1
/usr/bin/cc  -ffunction-sections -fdata-sections -fPIC -m64 -DCHECK_FUNCTION_EXISTS=_ultoa -isysroot /Library/Developer/CommandLineTools/SDKs/MacOSX10.15.sdk -Wl,-search_paths_first -Wl,-headerpad_max_install_names   CMakeFiles/cmTC_c944a.dir/CheckFunctionExists.c.o  -o cmTC_c944a 
Undefined symbols for architecture x86_64:
  "__ultoa", referenced from:
      _main in CheckFunctionExists.c.o
ld: symbol(s) not found for architecture x86_64
clang: error: linker command failed with exit code 1 (use -v to see invocation)
make[1]: *** [cmTC_c944a] Error 1
make: *** [cmTC_c944a/fast] Error 2



Determining if the function _i64toa exists failed with the following output:
Change Dir: /Users/momiyama/Framework/OpenGL(Rust)/game/target/debug/build/sdl2-sys-215adec05a45805d/out/build/CMakeFiles/CMakeTmp

Run Build Command(s):/usr/bin/make cmTC_46ebc/fast && /Library/Developer/CommandLineTools/usr/bin/make -f CMakeFiles/cmTC_46ebc.dir/build.make CMakeFiles/cmTC_46ebc.dir/build
Building C object CMakeFiles/cmTC_46ebc.dir/CheckFunctionExists.c.o
/usr/bin/cc   -ffunction-sections -fdata-sections -fPIC -m64 -DCHECK_FUNCTION_EXISTS=_i64toa -isysroot /Library/Developer/CommandLineTools/SDKs/MacOSX10.15.sdk   -o CMakeFiles/cmTC_46ebc.dir/CheckFunctionExists.c.o   -c /usr/local/Cellar/cmake/3.15.4/share/cmake/Modules/CheckFunctionExists.c
Linking C executable cmTC_46ebc
/usr/local/Cellar/cmake/3.15.4/bin/cmake -E cmake_link_script CMakeFiles/cmTC_46ebc.dir/link.txt --verbose=1
/usr/bin/cc  -ffunction-sections -fdata-sections -fPIC -m64 -DCHECK_FUNCTION_EXISTS=_i64toa -isysroot /Library/Developer/CommandLineTools/SDKs/MacOSX10.15.sdk -Wl,-search_paths_first -Wl,-headerpad_max_install_names   CMakeFiles/cmTC_46ebc.dir/CheckFunctionExists.c.o  -o cmTC_46ebc 
Undefined symbols for architecture x86_64:
  "__i64toa", referenced from:
      _main in CheckFunctionExists.c.o
ld: symbol(s) not found for architecture x86_64
clang: error: linker command failed with exit code 1 (use -v to see invocation)
make[1]: *** [cmTC_46ebc] Error 1
make: *** [cmTC_46ebc/fast] Error 2



Determining if the function _ui64toa exists failed with the following output:
Change Dir: /Users/momiyama/Framework/OpenGL(Rust)/game/target/debug/build/sdl2-sys-215adec05a45805d/out/build/CMakeFiles/CMakeTmp

Run Build Command(s):/usr/bin/make cmTC_6fbc5/fast && /Library/Developer/CommandLineTools/usr/bin/make -f CMakeFiles/cmTC_6fbc5.dir/build.make CMakeFiles/cmTC_6fbc5.dir/build
Building C object CMakeFiles/cmTC_6fbc5.dir/CheckFunctionExists.c.o
/usr/bin/cc   -ffunction-sections -fdata-sections -fPIC -m64 -DCHECK_FUNCTION_EXISTS=_ui64toa -isysroot /Library/Developer/CommandLineTools/SDKs/MacOSX10.15.sdk   -o CMakeFiles/cmTC_6fbc5.dir/CheckFunctionExists.c.o   -c /usr/local/Cellar/cmake/3.15.4/share/cmake/Modules/CheckFunctionExists.c
Linking C executable cmTC_6fbc5
/usr/local/Cellar/cmake/3.15.4/bin/cmake -E cmake_link_script CMakeFiles/cmTC_6fbc5.dir/link.txt --verbose=1
/usr/bin/cc  -ffunction-sections -fdata-sections -fPIC -m64 -DCHECK_FUNCTION_EXISTS=_ui64toa -isysroot /Library/Developer/CommandLineTools/SDKs/MacOSX10.15.sdk -Wl,-search_paths_first -Wl,-headerpad_max_install_names   CMakeFiles/cmTC_6fbc5.dir/CheckFunctionExists.c.o  -o cmTC_6fbc5 
Undefined symbols for architecture x86_64:
  "__ui64toa", referenced from:
      _main in CheckFunctionExists.c.o
ld: symbol(s) not found for architecture x86_64
clang: error: linker command failed with exit code 1 (use -v to see invocation)
make[1]: *** [cmTC_6fbc5] Error 1
make: *** [cmTC_6fbc5/fast] Error 2



Determining if the function _stricmp exists failed with the following output:
Change Dir: /Users/momiyama/Framework/OpenGL(Rust)/game/target/debug/build/sdl2-sys-215adec05a45805d/out/build/CMakeFiles/CMakeTmp

Run Build Command(s):/usr/bin/make cmTC_eeb1a/fast && /Library/Developer/CommandLineTools/usr/bin/make -f CMakeFiles/cmTC_eeb1a.dir/build.make CMakeFiles/cmTC_eeb1a.dir/build
Building C object CMakeFiles/cmTC_eeb1a.dir/CheckFunctionExists.c.o
/usr/bin/cc   -ffunction-sections -fdata-sections -fPIC -m64 -DCHECK_FUNCTION_EXISTS=_stricmp -isysroot /Library/Developer/CommandLineTools/SDKs/MacOSX10.15.sdk   -o CMakeFiles/cmTC_eeb1a.dir/CheckFunctionExists.c.o   -c /usr/local/Cellar/cmake/3.15.4/share/cmake/Modules/CheckFunctionExists.c
Linking C executable cmTC_eeb1a
/usr/local/Cellar/cmake/3.15.4/bin/cmake -E cmake_link_script CMakeFiles/cmTC_eeb1a.dir/link.txt --verbose=1
/usr/bin/cc  -ffunction-sections -fdata-sections -fPIC -m64 -DCHECK_FUNCTION_EXISTS=_stricmp -isysroot /Library/Developer/CommandLineTools/SDKs/MacOSX10.15.sdk -Wl,-search_paths_first -Wl,-headerpad_max_install_names   CMakeFiles/cmTC_eeb1a.dir/CheckFunctionExists.c.o  -o cmTC_eeb1a 
Undefined symbols for architecture x86_64:
  "__stricmp", referenced from:
      _main in CheckFunctionExists.c.o
ld: symbol(s) not found for architecture x86_64
clang: error: linker command failed with exit code 1 (use -v to see invocation)
make[1]: *** [cmTC_eeb1a] Error 1
make: *** [cmTC_eeb1a/fast] Error 2



Determining if the function _strnicmp exists failed with the following output:
Change Dir: /Users/momiyama/Framework/OpenGL(Rust)/game/target/debug/build/sdl2-sys-215adec05a45805d/out/build/CMakeFiles/CMakeTmp

Run Build Command(s):/usr/bin/make cmTC_25444/fast && /Library/Developer/CommandLineTools/usr/bin/make -f CMakeFiles/cmTC_25444.dir/build.make CMakeFiles/cmTC_25444.dir/build
Building C object CMakeFiles/cmTC_25444.dir/CheckFunctionExists.c.o
/usr/bin/cc   -ffunction-sections -fdata-sections -fPIC -m64 -DCHECK_FUNCTION_EXISTS=_strnicmp -isysroot /Library/Developer/CommandLineTools/SDKs/MacOSX10.15.sdk   -o CMakeFiles/cmTC_25444.dir/CheckFunctionExists.c.o   -c /usr/local/Cellar/cmake/3.15.4/share/cmake/Modules/CheckFunctionExists.c
Linking C executable cmTC_25444
/usr/local/Cellar/cmake/3.15.4/bin/cmake -E cmake_link_script CMakeFiles/cmTC_25444.dir/link.txt --verbose=1
/usr/bin/cc  -ffunction-sections -fdata-sections -fPIC -m64 -DCHECK_FUNCTION_EXISTS=_strnicmp -isysroot /Library/Developer/CommandLineTools/SDKs/MacOSX10.15.sdk -Wl,-search_paths_first -Wl,-headerpad_max_install_names   CMakeFiles/cmTC_25444.dir/CheckFunctionExists.c.o  -o cmTC_25444 
Undefined symbols for architecture x86_64:
  "__strnicmp", referenced from:
      _main in CheckFunctionExists.c.o
ld: symbol(s) not found for architecture x86_64
clang: error: linker command failed with exit code 1 (use -v to see invocation)
make[1]: *** [cmTC_25444] Error 1
make: *** [cmTC_25444/fast] Error 2



Determining if the function fseeko64 exists failed with the following output:
Change Dir: /Users/momiyama/Framework/OpenGL(Rust)/game/target/debug/build/sdl2-sys-215adec05a45805d/out/build/CMakeFiles/CMakeTmp

Run Build Command(s):/usr/bin/make cmTC_7f895/fast && /Library/Developer/CommandLineTools/usr/bin/make -f CMakeFiles/cmTC_7f895.dir/build.make CMakeFiles/cmTC_7f895.dir/build
Building C object CMakeFiles/cmTC_7f895.dir/CheckFunctionExists.c.o
/usr/bin/cc   -ffunction-sections -fdata-sections -fPIC -m64 -DCHECK_FUNCTION_EXISTS=fseeko64 -isysroot /Library/Developer/CommandLineTools/SDKs/MacOSX10.15.sdk   -o CMakeFiles/cmTC_7f895.dir/CheckFunctionExists.c.o   -c /usr/local/Cellar/cmake/3.15.4/share/cmake/Modules/CheckFunctionExists.c
Linking C executable cmTC_7f895
/usr/local/Cellar/cmake/3.15.4/bin/cmake -E cmake_link_script CMakeFiles/cmTC_7f895.dir/link.txt --verbose=1
/usr/bin/cc  -ffunction-sections -fdata-sections -fPIC -m64 -DCHECK_FUNCTION_EXISTS=fseeko64 -isysroot /Library/Developer/CommandLineTools/SDKs/MacOSX10.15.sdk -Wl,-search_paths_first -Wl,-headerpad_max_install_names   CMakeFiles/cmTC_7f895.dir/CheckFunctionExists.c.o  -o cmTC_7f895 
Undefined symbols for architecture x86_64:
  "_fseeko64", referenced from:
      _main in CheckFunctionExists.c.o
ld: symbol(s) not found for architecture x86_64
clang: error: linker command failed with exit code 1 (use -v to see invocation)
make[1]: *** [cmTC_7f895] Error 1
make: *** [cmTC_7f895/fast] Error 2



Performing C SOURCE FILE Test HAVE_SEM_TIMEDWAIT failed with the following output:
Change Dir: /Users/momiyama/Framework/OpenGL(Rust)/game/target/debug/build/sdl2-sys-215adec05a45805d/out/build/CMakeFiles/CMakeTmp

Run Build Command(s):/usr/bin/make cmTC_c8ae4/fast && /Library/Developer/CommandLineTools/usr/bin/make -f CMakeFiles/cmTC_c8ae4.dir/build.make CMakeFiles/cmTC_c8ae4.dir/build
Building C object CMakeFiles/cmTC_c8ae4.dir/src.c.o
/usr/bin/cc   -ffunction-sections -fdata-sections -fPIC -m64 -DHAVE_SEM_TIMEDWAIT  -D_THREAD_SAFE -isysroot /Library/Developer/CommandLineTools/SDKs/MacOSX10.15.sdk   -o CMakeFiles/cmTC_c8ae4.dir/src.c.o   -c "/Users/momiyama/Framework/OpenGL(Rust)/game/target/debug/build/sdl2-sys-215adec05a45805d/out/build/CMakeFiles/CMakeTmp/src.c"
/Users/momiyama/Framework/OpenGL(Rust)/game/target/debug/build/sdl2-sys-215adec05a45805d/out/build/CMakeFiles/CMakeTmp/src.c:5:19: warning: implicit declaration of function 'sem_timedwait' is invalid in C99 [-Wimplicit-function-declaration]
                  sem_timedwait(NULL, NULL);
                  ^
1 warning generated.
Linking C executable cmTC_c8ae4
/usr/local/Cellar/cmake/3.15.4/bin/cmake -E cmake_link_script CMakeFiles/cmTC_c8ae4.dir/link.txt --verbose=1
/usr/bin/cc  -ffunction-sections -fdata-sections -fPIC -m64 -DHAVE_SEM_TIMEDWAIT  -D_THREAD_SAFE -isysroot /Library/Developer/CommandLineTools/SDKs/MacOSX10.15.sdk -Wl,-search_paths_first -Wl,-headerpad_max_install_names   CMakeFiles/cmTC_c8ae4.dir/src.c.o  -o cmTC_c8ae4 
Undefined symbols for architecture x86_64:
  "_sem_timedwait", referenced from:
      _main in src.c.o
ld: symbol(s) not found for architecture x86_64
clang: error: linker command failed with exit code 1 (use -v to see invocation)
make[1]: *** [cmTC_c8ae4] Error 1
make: *** [cmTC_c8ae4/fast] Error 2


Source file was:

              #include <pthread.h>
              #include <semaphore.h>
              int main(int argc, char **argv) {
                  sem_timedwait(NULL, NULL);
                  return 0;
              }
Performing C SOURCE FILE Test HAVE_PTHREAD_NP_H failed with the following output:
Change Dir: /Users/momiyama/Framework/OpenGL(Rust)/game/target/debug/build/sdl2-sys-215adec05a45805d/out/build/CMakeFiles/CMakeTmp

Run Build Command(s):/usr/bin/make cmTC_d3a5d/fast && /Library/Developer/CommandLineTools/usr/bin/make -f CMakeFiles/cmTC_d3a5d.dir/build.make CMakeFiles/cmTC_d3a5d.dir/build
Building C object CMakeFiles/cmTC_d3a5d.dir/src.c.o
/usr/bin/cc   -ffunction-sections -fdata-sections -fPIC -m64 -DHAVE_PTHREAD_NP_H  -D_THREAD_SAFE -isysroot /Library/Developer/CommandLineTools/SDKs/MacOSX10.15.sdk   -o CMakeFiles/cmTC_d3a5d.dir/src.c.o   -c "/Users/momiyama/Framework/OpenGL(Rust)/game/target/debug/build/sdl2-sys-215adec05a45805d/out/build/CMakeFiles/CMakeTmp/src.c"
/Users/momiyama/Framework/OpenGL(Rust)/game/target/debug/build/sdl2-sys-215adec05a45805d/out/build/CMakeFiles/CMakeTmp/src.c:3:20: fatal error: 'pthread_np.h' file not found
          #include <pthread_np.h>
                   ^~~~~~~~~~~~~~
1 error generated.
make[1]: *** [CMakeFiles/cmTC_d3a5d.dir/src.c.o] Error 1
make: *** [cmTC_d3a5d/fast] Error 2


Source file was:

          #include <pthread.h>
          #include <pthread_np.h>
          int main(int argc, char** argv) { return 0; }
Determining if the function pthread_set_name_np exists failed with the following output:
Change Dir: /Users/momiyama/Framework/OpenGL(Rust)/game/target/debug/build/sdl2-sys-215adec05a45805d/out/build/CMakeFiles/CMakeTmp

Run Build Command(s):/usr/bin/make cmTC_59e50/fast && /Library/Developer/CommandLineTools/usr/bin/make -f CMakeFiles/cmTC_59e50.dir/build.make CMakeFiles/cmTC_59e50.dir/build
Building C object CMakeFiles/cmTC_59e50.dir/CheckFunctionExists.c.o
/usr/bin/cc   -ffunction-sections -fdata-sections -fPIC -m64 -DCHECK_FUNCTION_EXISTS=pthread_set_name_np  -D_THREAD_SAFE -isysroot /Library/Developer/CommandLineTools/SDKs/MacOSX10.15.sdk   -o CMakeFiles/cmTC_59e50.dir/CheckFunctionExists.c.o   -c /usr/local/Cellar/cmake/3.15.4/share/cmake/Modules/CheckFunctionExists.c
Linking C executable cmTC_59e50
/usr/local/Cellar/cmake/3.15.4/bin/cmake -E cmake_link_script CMakeFiles/cmTC_59e50.dir/link.txt --verbose=1
/usr/bin/cc  -ffunction-sections -fdata-sections -fPIC -m64 -DCHECK_FUNCTION_EXISTS=pthread_set_name_np  -D_THREAD_SAFE -isysroot /Library/Developer/CommandLineTools/SDKs/MacOSX10.15.sdk -Wl,-search_paths_first -Wl,-headerpad_max_install_names   CMakeFiles/cmTC_59e50.dir/CheckFunctionExists.c.o  -o cmTC_59e50 
Undefined symbols for architecture x86_64:
  "_pthread_set_name_np", referenced from:
      _main in CheckFunctionExists.c.o
ld: symbol(s) not found for architecture x86_64
clang: error: linker command failed with exit code 1 (use -v to see invocation)
make[1]: *** [cmTC_59e50] Error 1
make: *** [cmTC_59e50/fast] Error 2



